<?xml version="1.0" encoding="UTF-8"?>
<testng-results ignored="0" total="1" passed="1" failed="0" skipped="0">
  <reporter-output>
  </reporter-output>
  <suite started-at="2022-02-07T20:34:18 EST" name="Default suite" finished-at="2022-02-07T20:34:24 EST" duration-ms="5911">
    <groups>
    </groups>
    <test started-at="2022-02-07T20:34:18 EST" name="Default test" finished-at="2022-02-07T20:34:24 EST" duration-ms="5911">
      <class name="com.selenium.practice.practice3">
        <test-method is-config="true" signature="launch()[pri:0, instance:com.selenium.practice.practice3@3a44431a]" started-at="2022-02-07T20:34:18 EST" name="launch" finished-at="2022-02-07T20:34:23 EST" duration-ms="5219" status="PASS">
          <reporter-output>
          </reporter-output>
        </test-method> <!-- launch -->
        <test-method signature="addtocart()[pri:0, instance:com.selenium.practice.practice3@3a44431a]" started-at="2022-02-07T20:34:23 EST" name="addtocart" finished-at="2022-02-07T20:34:24 EST" duration-ms="631" status="PASS">
          <reporter-output>
          </reporter-output>
        </test-method> <!-- addtocart -->
        <test-method is-config="true" signature="browserClose()[pri:0, instance:com.selenium.practice.practice3@3a44431a]" started-at="2022-02-07T20:34:24 EST" name="browserClose" finished-at="2022-02-07T20:34:24 EST" duration-ms="0" status="PASS">
          <reporter-output>
          </reporter-output>
        </test-method> <!-- browserClose -->
      </class> <!-- com.selenium.practice.practice3 -->
    </test> <!-- Default test -->
  </suite> <!-- Default suite -->
</testng-results>
