<?xml version="1.0" encoding="UTF-8"?>
<testng-results ignored="0" total="1" passed="1" failed="0" skipped="0">
  <reporter-output>
  </reporter-output>
  <suite started-at="2022-01-22T20:57:11 EST" name="Default suite" finished-at="2022-01-22T20:57:46 EST" duration-ms="34994">
    <groups>
    </groups>
    <test started-at="2022-01-22T20:57:11 EST" name="Default test" finished-at="2022-01-22T20:57:46 EST" duration-ms="34994">
      <class name="com.selenium.practice.Practice1">
        <test-method is-config="true" signature="chrome()[pri:0, instance:com.selenium.practice.Practice1@3a44431a]" started-at="2022-01-22T20:57:11 EST" name="chrome" finished-at="2022-01-22T20:57:25 EST" duration-ms="14000" status="PASS">
          <reporter-output>
          </reporter-output>
        </test-method> <!-- chrome -->
        <test-method signature="assignment1()[pri:0, instance:com.selenium.practice.Practice1@3a44431a]" started-at="2022-01-22T20:57:25 EST" name="assignment1" finished-at="2022-01-22T20:57:46 EST" duration-ms="20501" status="PASS">
          <reporter-output>
          </reporter-output>
        </test-method> <!-- assignment1 -->
        <test-method is-config="true" signature="teardown()[pri:0, instance:com.selenium.practice.Practice1@3a44431a]" started-at="2022-01-22T20:57:46 EST" name="teardown" finished-at="2022-01-22T20:57:46 EST" duration-ms="419" status="PASS">
          <reporter-output>
          </reporter-output>
        </test-method> <!-- teardown -->
      </class> <!-- com.selenium.practice.Practice1 -->
    </test> <!-- Default test -->
  </suite> <!-- Default suite -->
</testng-results>
