<?xml version="1.0" encoding="UTF-8"?>
<testng-results ignored="0" total="1" passed="1" failed="0" skipped="0">
  <reporter-output>
  </reporter-output>
  <suite started-at="2022-01-27T15:48:55 EST" name="Default suite" finished-at="2022-01-27T15:49:09 EST" duration-ms="13668">
    <groups>
    </groups>
    <test started-at="2022-01-27T15:48:55 EST" name="Default test" finished-at="2022-01-27T15:49:09 EST" duration-ms="13668">
      <class name="com.selenium.practice.Practice2">
        <test-method is-config="true" signature="chrome()[pri:0, instance:com.selenium.practice.Practice2@3c7f66c4]" started-at="2022-01-27T15:48:55 EST" name="chrome" finished-at="2022-01-27T15:49:05 EST" duration-ms="10219" status="PASS">
          <reporter-output>
          </reporter-output>
        </test-method> <!-- chrome -->
        <test-method signature="carouselCount()[pri:0, instance:com.selenium.practice.Practice2@3c7f66c4]" started-at="2022-01-27T15:49:05 EST" name="carouselCount" finished-at="2022-01-27T15:49:09 EST" duration-ms="3365" status="PASS">
          <reporter-output>
          </reporter-output>
        </test-method> <!-- carouselCount -->
        <test-method is-config="true" signature="teardown()[pri:0, instance:com.selenium.practice.Practice2@3c7f66c4]" started-at="2022-01-27T15:49:09 EST" name="teardown" finished-at="2022-01-27T15:49:09 EST" duration-ms="0" status="PASS">
          <reporter-output>
          </reporter-output>
        </test-method> <!-- teardown -->
      </class> <!-- com.selenium.practice.Practice2 -->
    </test> <!-- Default test -->
  </suite> <!-- Default suite -->
</testng-results>
